{
  "Cucumber Features": {
    "coverage": {
      "/Users/litinghuang/Desktop/Friendo/app/models/activity.rb": {
        "lines": [
          1,
          1,
          1,
          1,
          1,
          1,
          1,
          null,
          1,
          51,
          null,
          null,
          1,
          33,
          null,
          null
        ]
      },
      "/Users/litinghuang/Desktop/Friendo/app/models/user.rb": {
        "lines": [
          1,
          1,
          1,
          null
        ]
      },
      "/Users/litinghuang/Desktop/Friendo/app/controllers/sessions_controller.rb": {
        "lines": [
          1,
          null,
          1,
          null,
          null,
          1,
          19,
          19,
          19,
          19,
          18,
          18,
          null,
          1,
          1,
          null,
          null,
          null,
          1,
          null,
          null,
          1,
          38,
          null,
          null
        ]
      },
      "/Users/litinghuang/Desktop/Friendo/app/controllers/application_controller.rb": {
        "lines": [
          1,
          null,
          null,
          1,
          null
        ]
      },
      "/Users/litinghuang/Desktop/Friendo/app/helpers/application_helper.rb": {
        "lines": [
          1,
          null
        ]
      },
      "/Users/litinghuang/Desktop/Friendo/app/helpers/activities_helper.rb": {
        "lines": [
          1,
          null
        ]
      },
      "/Users/litinghuang/Desktop/Friendo/app/helpers/following_helper.rb": {
        "lines": [
          1,
          null
        ]
      },
      "/Users/litinghuang/Desktop/Friendo/app/controllers/users_controller.rb": {
        "lines": [
          1,
          1,
          null,
          1,
          25,
          23,
          23,
          23,
          23,
          null,
          null,
          2,
          null,
          null,
          1,
          6,
          6,
          6,
          6,
          0,
          null,
          null,
          null,
          null,
          null,
          null,
          1,
          2,
          null,
          null,
          1,
          2,
          2,
          2,
          2,
          null,
          null,
          null,
          1,
          null,
          1,
          2,
          2,
          1,
          1,
          null,
          1,
          1,
          null,
          null,
          null,
          null,
          1,
          1,
          1,
          null,
          null,
          1,
          0,
          0,
          0,
          0,
          null,
          null,
          1,
          null,
          null,
          1,
          4,
          null,
          null,
          1,
          11,
          1,
          null,
          null,
          null,
          null,
          null
        ]
      },
      "/Users/litinghuang/Desktop/Friendo/app/controllers/activities_controller.rb": {
        "lines": [
          1,
          1,
          1,
          1,
          null,
          1,
          8,
          8,
          null,
          null,
          1,
          33,
          33,
          33,
          33,
          null,
          33,
          33,
          null,
          null,
          null,
          null,
          null,
          1,
          null,
          null,
          null,
          1,
          null,
          2,
          1,
          null,
          1,
          null,
          1,
          null,
          null,
          null,
          null,
          2,
          null,
          null,
          1,
          3,
          3,
          1,
          1,
          null,
          null,
          null,
          1,
          2,
          2,
          null,
          2,
          null,
          1,
          null,
          1,
          null,
          null,
          null,
          2,
          null,
          null,
          1,
          1,
          1,
          1,
          1,
          null,
          1,
          null,
          null,
          1,
          null,
          null,
          1,
          4,
          null,
          null,
          1,
          1,
          42,
          42,
          42,
          null,
          null,
          null,
          null,
          null,
          null,
          null,
          null,
          null,
          null,
          1,
          1,
          14,
          10,
          null,
          4,
          null,
          null,
          1,
          1,
          50,
          null,
          null,
          1,
          66,
          33,
          33,
          33,
          null,
          null,
          null,
          1,
          132,
          null,
          null,
          1,
          462,
          null,
          null,
          1,
          99,
          null,
          null,
          1,
          85,
          1,
          null,
          null,
          null,
          null,
          null
        ]
      },
      "/Users/litinghuang/Desktop/Friendo/app/models/activity_user_relation.rb": {
        "lines": [
          1,
          null
        ]
      },
      "/Users/litinghuang/Desktop/Friendo/app/controllers/relations_controller.rb": {
        "lines": [
          1,
          1,
          1,
          null,
          1,
          1,
          0,
          0,
          null,
          1,
          null,
          null,
          1,
          null,
          null,
          1,
          0,
          0,
          0,
          0,
          null,
          null,
          null,
          0,
          null,
          null
        ]
      },
      "/Users/litinghuang/Desktop/Friendo/app/controllers/following_controller.rb": {
        "lines": [
          0,
          0,
          null,
          0,
          null,
          0,
          null,
          null,
          0
        ],
        "branches": {
        }
      }
    },
    "timestamp": 1671123116
  },
  "RSpec": {
    "coverage": {
      "/Users/carolinewang/Desktop/Fall 2022/CS 4152/Friendo/app/controllers/activities_controller.rb": {
        "lines": [
          1,
          1,
          1,
          1,
          null,
          1,
          1,
          1,
          null,
          null,
          1,
          1,
          1,
          1,
          1,
          null,
          1,
          1,
          null,
          null,
          null,
          null,
          null,
          1,
          null,
          null,
          null,
          1,
          null,
          1,
          0,
          null,
          1,
          null,
          0,
          null,
          null,
          null,
          null,
          1,
          null,
          null,
          1,
          4,
          4,
          1,
          1,
          null,
          null,
          null,
          1,
          4,
          4,
          null,
          3,
          null,
          0,
          null,
          3,
          null,
          null,
          null,
          4,
          null,
          null,
          1,
          2,
          2,
          1,
          1,
          null,
          2,
          null,
          null,
          1,
          null,
          null,
          1,
          4,
          null,
          null,
          1,
          1,
          1,
          1,
          1,
          null,
          null,
          null,
          null,
          null,
          null,
          null,
          null,
          null,
          null,
          1,
          1,
          10,
          7,
          null,
          3,
          null,
          null,
          1,
          1,
          0,
          null,
          null,
          1,
          2,
          1,
          1,
          1,
          null,
          null,
          null,
          1,
          4,
          null,
          null,
          1,
          9,
          null,
          null,
          1,
          3,
          null,
          null,
          1,
          15,
          1,
          null,
          null,
          null,
          null,
          null
        ]
      },
      "/Users/carolinewang/Desktop/Fall 2022/CS 4152/Friendo/app/controllers/application_controller.rb": {
        "lines": [
          1,
          null,
          null,
          1,
          null
        ]
      },
      "/Users/carolinewang/Desktop/Fall 2022/CS 4152/Friendo/spec/controllers/following_controller_spec.rb": {
        "lines": [
          1,
          null,
          1,
          null,
          1,
          1,
          1,
          1,
          null,
          null,
          null,
          null
        ]
      },
      "/Users/carolinewang/Desktop/Fall 2022/CS 4152/Friendo/app/controllers/following_controller.rb": {
        "lines": [
          1,
          1,
          null,
          1,
          null,
          null,
          null,
          null,
          null
        ]
      },
      "/Users/carolinewang/Desktop/Fall 2022/CS 4152/Friendo/spec/controllers/relation_controller_spec.rb": {
        "lines": [
          1,
          null,
          1,
          null,
          1,
          null,
          null,
          null,
          null,
          null,
          1,
          null,
          null,
          null,
          null,
          null,
          null,
          1,
          4,
          4,
          8,
          null,
          4,
          12,
          null,
          null,
          null,
          null,
          1,
          1,
          1,
          1,
          1,
          null,
          null,
          null,
          1,
          1,
          1,
          1,
          1,
          null,
          null,
          null,
          1,
          1,
          1,
          1,
          null,
          null,
          null,
          1,
          1,
          1,
          1,
          1,
          1,
          null,
          null,
          null
        ]
      },
      "/Users/carolinewang/Desktop/Fall 2022/CS 4152/Friendo/app/controllers/relations_controller.rb": {
        "lines": [
          1,
          1,
          5,
          null,
          4,
          4,
          3,
          3,
          null,
          1,
          null,
          null,
          5,
          null,
          null,
          1,
          1,
          1,
          1,
          1,
          null,
          null,
          null,
          1,
          null,
          null
        ]
      },
      "/Users/carolinewang/Desktop/Fall 2022/CS 4152/Friendo/spec/controllers/session_controller_spec.rb": {
        "lines": [
          1,
          null,
          1,
          null,
          1,
          null,
          null,
          1,
          3,
          6,
          null,
          null,
          null,
          1,
          1,
          1,
          1,
          1,
          null,
          null,
          null,
          1,
          1,
          1,
          1,
          1,
          null,
          null,
          null,
          1,
          1,
          1,
          1,
          1,
          null,
          null,
          null
        ]
      },
      "/Users/carolinewang/Desktop/Fall 2022/CS 4152/Friendo/app/controllers/sessions_controller.rb": {
        "lines": [
          1,
          null,
          1,
          null,
          null,
          1,
          3,
          3,
          3,
          3,
          1,
          1,
          null,
          2,
          2,
          null,
          null,
          null,
          1,
          null,
          null,
          1,
          6,
          null,
          null
        ]
      },
      "/Users/carolinewang/Desktop/Fall 2022/CS 4152/Friendo/spec/controllers/user_controller_spec.rb": {
        "lines": [
          1,
          null,
          1,
          null,
          null,
          1,
          null,
          null,
          null,
          null,
          null,
          1,
          null,
          null,
          null,
          null,
          1,
          null,
          null,
          null,
          1,
          9,
          18,
          null,
          9,
          27,
          null,
          9,
          9,
          null,
          null,
          null,
          null,
          1,
          1,
          1,
          1,
          null,
          null,
          null,
          null,
          null,
          1,
          1,
          1,
          1,
          1,
          1,
          null,
          null,
          null,
          1,
          1,
          1,
          1,
          null,
          null,
          null,
          1,
          1,
          1,
          1,
          null,
          null,
          null,
          1,
          1,
          1,
          1,
          1,
          null,
          null,
          null,
          1,
          1,
          1,
          1,
          1,
          null,
          null,
          null,
          1,
          1,
          1,
          1,
          1,
          null,
          null,
          null,
          null,
          null,
          1,
          1,
          1,
          1,
          1,
          1,
          1,
          null,
          null,
          null,
          1,
          1,
          1,
          1,
          1,
          null,
          null,
          null
        ]
      },
      "/Users/carolinewang/Desktop/Fall 2022/CS 4152/Friendo/app/controllers/users_controller.rb": {
        "lines": [
          1,
          1,
          null,
          1,
          3,
          1,
          1,
          1,
          1,
          null,
          null,
          2,
          null,
          null,
          1,
          1,
          1,
          1,
          1,
          1,
          null,
          null,
          null,
          null,
          null,
          null,
          1,
          1,
          null,
          null,
          1,
          1,
          1,
          1,
          1,
          null,
          null,
          null,
          1,
          null,
          1,
          20,
          20,
          19,
          19,
          null,
          1,
          1,
          null,
          null,
          null,
          null,
          1,
          1,
          1,
          null,
          null,
          1,
          1,
          1,
          1,
          1,
          null,
          null,
          1,
          null,
          null,
          1,
          21,
          null,
          null,
          1,
          5,
          1,
          null,
          null,
          null,
          null,
          null
        ]
      },
      "/Users/carolinewang/Desktop/Fall 2022/CS 4152/Friendo/spec/helpers/following_helper_spec.rb": {
        "lines": [
          1,
          null,
          null,
          null,
          null,
          null,
          null,
          null,
          null,
          null,
          null,
          null,
          1,
          1,
          null
        ]
      },
      "/Users/carolinewang/Desktop/Fall 2022/CS 4152/Friendo/spec/views/following/index.html.erb_spec.rb": {
        "lines": [
          1,
          null,
          1,
          1,
          null
        ]
      },
      "/Users/carolinewang/Desktop/Fall 2022/CS 4152/Friendo/app/models/user.rb": {
        "lines": [
          1,
          1,
          1,
          null
        ]
      },
      "/Users/carolinewang/Desktop/Fall 2022/CS 4152/Friendo/app/models/activity.rb": {
        "lines": [
          1,
          1,
          1,
          1,
          1,
          1,
          1,
          null,
          1,
          2,
          null,
          null,
          1,
          1,
          null,
          null
        ]
      },
      "/Users/carolinewang/Desktop/Fall 2022/CS 4152/Friendo/app/models/activity_user_relation.rb": {
        "lines": [
          1,
          null
        ]
      }
    },
    "timestamp": 1671121553
  }
}
